\BOOKMARK [0][-]{chapter.1}{From Gradient to Identification}{}% 1
\BOOKMARK [1][-]{section.1.1}{Introduction}{chapter.1}% 2
\BOOKMARK [1][-]{section.1.2}{Convexity and smoothness}{chapter.1}% 3
\BOOKMARK [1][-]{section.1.3}{Gradient descent}{chapter.1}% 4
\BOOKMARK [1][-]{section.1.4}{Non-smooth optimization}{chapter.1}% 5
\BOOKMARK [2][-]{subsection.1.4.1}{Moreau-Yosida regularization}{section.1.4}% 6
\BOOKMARK [2][-]{subsection.1.4.2}{Composite optimization}{section.1.4}% 7
\BOOKMARK [1][-]{section.1.5}{Useful tools for stochastic processes analysis.}{chapter.1}% 8
\BOOKMARK [1][-]{section.1.6}{Identification}{chapter.1}% 9
\BOOKMARK [0][-]{chapter.2}{Automatic dimension reduction}{}% 10
\BOOKMARK [1][-]{section.2.1}{Introduction}{chapter.2}% 11
\BOOKMARK [1][-]{section.2.2}{Randomized subspace descent}{chapter.2}% 12
\BOOKMARK [2][-]{subsection.2.2.1}{Subspace selection}{section.2.2}% 13
\BOOKMARK [2][-]{subsection.2.2.2}{Random Subspace Proximal Gradient Algorithm}{section.2.2}% 14
\BOOKMARK [2][-]{subsection.2.2.3}{Analysis and convergence rate}{section.2.2}% 15
\BOOKMARK [2][-]{subsection.2.2.4}{Examples and Connections with the existing work}{section.2.2}% 16
\BOOKMARK [1][-]{section.2.3}{Adaptive subspace descent}{chapter.2}% 17
\BOOKMARK [2][-]{subsection.2.3.1}{Random Subspace Descent with Time-Varying Selection}{section.2.3}% 18
\BOOKMARK [2][-]{subsection.2.3.2}{Identification of proximal algorithms}{section.2.3}% 19
\BOOKMARK [2][-]{subsection.2.3.3}{Identification-based Subspace Descent}{section.2.3}% 20
\BOOKMARK [1][-]{section.2.4}{Numerical illustrations}{chapter.2}% 21
\BOOKMARK [2][-]{subsection.2.4.1}{Experimental setup}{section.2.4}% 22
\BOOKMARK [2][-]{subsection.2.4.2}{Illustrations for coordinate-structured problems}{section.2.4}% 23
\BOOKMARK [2][-]{subsection.2.4.3}{Illustrations for total variation regularization}{section.2.4}% 24
\BOOKMARK [0][-]{chapter.3}{Distributed learning}{}% 25
\BOOKMARK [1][-]{section.3.1}{Introduction}{chapter.3}% 26
\BOOKMARK [1][-]{section.3.2}{Notations and Preliminaries}{chapter.3}% 27
